05-Nov-2025 22:52:55.557 INFO [main] org.apache.catalina.startup.VersionLoggerListener.log Server version name:   Apache Tomcat/10.1.44
05-Nov-2025 22:52:55.564 INFO [main] org.apache.catalina.startup.VersionLoggerListener.log Server built:          Aug 4 2025 13:14:17 UTC
05-Nov-2025 22:52:55.565 INFO [main] org.apache.catalina.startup.VersionLoggerListener.log Server version number: 10.1.44.0
05-Nov-2025 22:52:55.565 INFO [main] org.apache.catalina.startup.VersionLoggerListener.log OS Name:               Windows 11
05-Nov-2025 22:52:55.565 INFO [main] org.apache.catalina.startup.VersionLoggerListener.log OS Version:            10.0
05-Nov-2025 22:52:55.565 INFO [main] org.apache.catalina.startup.VersionLoggerListener.log Architecture:          amd64
05-Nov-2025 22:52:55.565 INFO [main] org.apache.catalina.startup.VersionLoggerListener.log Java Home:             C:\Program Files\Java\jdk-17
05-Nov-2025 22:52:55.566 INFO [main] org.apache.catalina.startup.VersionLoggerListener.log JVM Version:           17.0.12+8-LTS-286
05-Nov-2025 22:52:55.566 INFO [main] org.apache.catalina.startup.VersionLoggerListener.log JVM Vendor:            Oracle Corporation
05-Nov-2025 22:52:55.566 INFO [main] org.apache.catalina.startup.VersionLoggerListener.log CATALINA_BASE:         C:\Users\mcost\OneDrive\Documentos\SGCMAQ3029425\apache-tomcat-10.1.44\apache-tomcat-10.1.44
05-Nov-2025 22:52:55.566 INFO [main] org.apache.catalina.startup.VersionLoggerListener.log CATALINA_HOME:         C:\Users\mcost\OneDrive\Documentos\SGCMAQ3029425\apache-tomcat-10.1.44\apache-tomcat-10.1.44
05-Nov-2025 22:52:55.581 INFO [main] org.apache.catalina.startup.VersionLoggerListener.log Command line argument: -Djava.util.logging.config.file=C:\Users\mcost\OneDrive\Documentos\SGCMAQ3029425\apache-tomcat-10.1.44\apache-tomcat-10.1.44\conf\logging.properties
05-Nov-2025 22:52:55.581 INFO [main] org.apache.catalina.startup.VersionLoggerListener.log Command line argument: -Djava.util.logging.manager=org.apache.juli.ClassLoaderLogManager
05-Nov-2025 22:52:55.581 INFO [main] org.apache.catalina.startup.VersionLoggerListener.log Command line argument: -Djdk.tls.ephemeralDHKeySize=2048
05-Nov-2025 22:52:55.581 INFO [main] org.apache.catalina.startup.VersionLoggerListener.log Command line argument: -Djava.protocol.handler.pkgs=org.apache.catalina.webresources
05-Nov-2025 22:52:55.581 INFO [main] org.apache.catalina.startup.VersionLoggerListener.log Command line argument: -Dsun.io.useCanonCaches=false
05-Nov-2025 22:52:55.581 INFO [main] org.apache.catalina.startup.VersionLoggerListener.log Command line argument: --add-opens=java.base/java.lang=ALL-UNNAMED
05-Nov-2025 22:52:55.581 INFO [main] org.apache.catalina.startup.VersionLoggerListener.log Command line argument: --add-opens=java.base/java.lang.reflect=ALL-UNNAMED
05-Nov-2025 22:52:55.581 INFO [main] org.apache.catalina.startup.VersionLoggerListener.log Command line argument: --add-opens=java.base/java.io=ALL-UNNAMED
05-Nov-2025 22:52:55.581 INFO [main] org.apache.catalina.startup.VersionLoggerListener.log Command line argument: --add-opens=java.base/java.util=ALL-UNNAMED
05-Nov-2025 22:52:55.581 INFO [main] org.apache.catalina.startup.VersionLoggerListener.log Command line argument: --add-opens=java.base/java.util.concurrent=ALL-UNNAMED
05-Nov-2025 22:52:55.581 INFO [main] org.apache.catalina.startup.VersionLoggerListener.log Command line argument: --add-opens=java.rmi/sun.rmi.transport=ALL-UNNAMED
05-Nov-2025 22:52:55.581 INFO [main] org.apache.catalina.startup.VersionLoggerListener.log Command line argument: -Dcatalina.base=C:\Users\mcost\OneDrive\Documentos\SGCMAQ3029425\apache-tomcat-10.1.44\apache-tomcat-10.1.44
05-Nov-2025 22:52:55.582 INFO [main] org.apache.catalina.startup.VersionLoggerListener.log Command line argument: -Dcatalina.home=C:\Users\mcost\OneDrive\Documentos\SGCMAQ3029425\apache-tomcat-10.1.44\apache-tomcat-10.1.44
05-Nov-2025 22:52:55.582 INFO [main] org.apache.catalina.startup.VersionLoggerListener.log Command line argument: -Djava.io.tmpdir=C:\Users\mcost\OneDrive\Documentos\SGCMAQ3029425\apache-tomcat-10.1.44\apache-tomcat-10.1.44\temp
05-Nov-2025 22:52:55.724 INFO [main] org.apache.catalina.core.AprLifecycleListener.lifecycleEvent The Apache Tomcat Native library which allows using OpenSSL was not found on the java.library.path: [C:\Program Files\Java\jdk-17\bin;C:\WINDOWS\Sun\Java\bin;C:\WINDOWS\system32;C:\WINDOWS;C:\app\mcost\product\21c\dbhomeXE\bin;C:\Program Files (x86)\Common Files\Oracle\Java\java8path;C:\Windows\system32;C:\Windows;C:\Windows\System32\Wbem;C:\Windows\System32\WindowsPowerShell\v1.0\;C:\Windows\System32\OpenSSH\;C:\Program Files\dotnet\;C:\Program Files (x86)\NVIDIA Corporation\PhysX\Common;C:\Program Files\JetBrains\CLion 2023.3.4\bin\mingw\bin;C:\Program Files\Git\cmd;C:\Program Files\Java\jdk-17\bin;;C:\WINDOWS\system32;C:\WINDOWS;C:\WINDOWS\System32\Wbem;C:\WINDOWS\System32\WindowsPowerShell\v1.0\;C:\WINDOWS\System32\OpenSSH\;C:\Program Files\NVIDIA Corporation\NVIDIA app\NvDLISR;C:\Program Files\nodejs\;C:\Users\mcost\AppData\Local\Programs\Python\Python312\Scripts\;C:\Users\mcost\AppData\Local\Programs\Python\Python312\;C:\Users\mcost\AppData\Local\Microsoft\WindowsApps;C:\Program Files\JetBrains\CLion 2023.3.4\bin;;C:\Program Files\JetBrains\PyCharm 2023.3.4\bin;;C:\Program Files\JetBrains\PyCharm Community Edition 2023.3.4\bin;;C:\Users\mcost\AppData\Local\Programs\Microsoft VS Code\bin;C:\texlive\2024\bin\windows;C:\Program Files\Java\jdk-17\bin;C:\Users\mcost\AppData\Roaming\npm;;.]
05-Nov-2025 22:52:56.002 INFO [main] org.apache.coyote.AbstractProtocol.init Initializing ProtocolHandler ["http-nio-8080"]
05-Nov-2025 22:52:56.036 INFO [main] org.apache.catalina.startup.Catalina.load Server initialization in [744] milliseconds
05-Nov-2025 22:52:56.147 INFO [main] org.apache.catalina.core.StandardService.startInternal Starting service [Catalina]
05-Nov-2025 22:52:56.147 INFO [main] org.apache.catalina.core.StandardEngine.startInternal Starting Servlet engine: [Apache Tomcat/10.1.44]
05-Nov-2025 22:52:56.169 INFO [main] org.apache.catalina.startup.HostConfig.deployDescriptor Deploying deployment descriptor [C:\Users\mcost\OneDrive\Documentos\SGCMAQ3029425\apache-tomcat-10.1.44\apache-tomcat-10.1.44\conf\Catalina\localhost\SGCMS2A2025.xml]
05-Nov-2025 22:52:56.187 WARNING [main] org.apache.catalina.startup.HostConfig.deployDescriptor The path attribute with value [/SGCMS2A2025] in deployment descriptor [C:\Users\mcost\OneDrive\Documentos\SGCMAQ3029425\apache-tomcat-10.1.44\apache-tomcat-10.1.44\conf\Catalina\localhost\SGCMS2A2025.xml] has been ignored
05-Nov-2025 22:52:56.196 WARNING [main] org.apache.catalina.startup.HostConfig.deployDescriptor A docBase [C:\Users\mcost\OneDrive\Documentos\SGCMAQ3029425\apache-tomcat-10.1.44\apache-tomcat-10.1.44\webapps\home\aluno\Área de trabalho\SGCMS2A2025\build\web] inside the host appBase has been specified, and will be ignored
05-Nov-2025 22:52:56.250 SEVERE [main] org.apache.catalina.startup.HostConfig.deployDescriptor Error deploying deployment descriptor [C:\Users\mcost\OneDrive\Documentos\SGCMAQ3029425\apache-tomcat-10.1.44\apache-tomcat-10.1.44\conf\Catalina\localhost\SGCMS2A2025.xml]
	java.lang.IllegalStateException: Error starting child
		at org.apache.catalina.core.ContainerBase.addChildInternal(ContainerBase.java:602)
		at org.apache.catalina.core.ContainerBase.addChild(ContainerBase.java:571)
		at org.apache.catalina.core.StandardHost.addChild(StandardHost.java:654)
		at org.apache.catalina.startup.HostConfig.deployDescriptor(HostConfig.java:632)
		at org.apache.catalina.startup.HostConfig$DeployDescriptor.run(HostConfig.java:1881)
		at java.base/java.util.concurrent.Executors$RunnableAdapter.call(Executors.java:539)
		at java.base/java.util.concurrent.FutureTask.run(FutureTask.java:264)
		at org.apache.tomcat.util.threads.InlineExecutorService.execute(InlineExecutorService.java:75)
		at java.base/java.util.concurrent.AbstractExecutorService.submit(AbstractExecutorService.java:123)
		at org.apache.catalina.startup.HostConfig.deployDescriptors(HostConfig.java:527)
		at org.apache.catalina.startup.HostConfig.deployApps(HostConfig.java:418)
		at org.apache.catalina.startup.HostConfig.start(HostConfig.java:1621)
		at org.apache.catalina.startup.HostConfig.lifecycleEvent(HostConfig.java:303)
		at org.apache.catalina.util.LifecycleBase.fireLifecycleEvent(LifecycleBase.java:109)
		at org.apache.catalina.util.LifecycleBase.setStateInternal(LifecycleBase.java:389)
		at org.apache.catalina.util.LifecycleBase.setState(LifecycleBase.java:336)
		at org.apache.catalina.core.ContainerBase.startInternal(ContainerBase.java:776)
		at org.apache.catalina.core.StandardHost.startInternal(StandardHost.java:772)
		at org.apache.catalina.util.LifecycleBase.start(LifecycleBase.java:164)
		at org.apache.catalina.core.ContainerBase$StartChild.call(ContainerBase.java:1203)
		at org.apache.catalina.core.ContainerBase$StartChild.call(ContainerBase.java:1193)
		at java.base/java.util.concurrent.FutureTask.run(FutureTask.java:264)
		at org.apache.tomcat.util.threads.InlineExecutorService.execute(InlineExecutorService.java:75)
		at java.base/java.util.concurrent.AbstractExecutorService.submit(AbstractExecutorService.java:145)
		at org.apache.catalina.core.ContainerBase.startInternal(ContainerBase.java:749)
		at org.apache.catalina.core.StandardEngine.startInternal(StandardEngine.java:203)
		at org.apache.catalina.util.LifecycleBase.start(LifecycleBase.java:164)
		at org.apache.catalina.core.StandardService.startInternal(StandardService.java:412)
		at org.apache.catalina.util.LifecycleBase.start(LifecycleBase.java:164)
		at org.apache.catalina.core.StandardServer.startInternal(StandardServer.java:870)
		at org.apache.catalina.util.LifecycleBase.start(LifecycleBase.java:164)
		at org.apache.catalina.startup.Catalina.start(Catalina.java:761)
		at java.base/jdk.internal.reflect.NativeMethodAccessorImpl.invoke0(Native Method)
		at java.base/jdk.internal.reflect.NativeMethodAccessorImpl.invoke(NativeMethodAccessorImpl.java:77)
		at java.base/jdk.internal.reflect.DelegatingMethodAccessorImpl.invoke(DelegatingMethodAccessorImpl.java:43)
		at java.base/java.lang.reflect.Method.invoke(Method.java:568)
		at org.apache.catalina.startup.Bootstrap.start(Bootstrap.java:345)
		at org.apache.catalina.startup.Bootstrap.main(Bootstrap.java:476)
	Caused by: org.apache.catalina.LifecycleException: Failed to start component [org.apache.catalina.webresources.StandardRoot@35b74c5c]
		at org.apache.catalina.util.LifecycleBase.handleSubClassException(LifecycleBase.java:406)
		at org.apache.catalina.util.LifecycleBase.start(LifecycleBase.java:179)
		at org.apache.catalina.core.StandardContext.resourcesStart(StandardContext.java:4159)
		at org.apache.catalina.core.StandardContext.startInternal(StandardContext.java:4281)
		at org.apache.catalina.util.LifecycleBase.start(LifecycleBase.java:164)
		at org.apache.catalina.core.ContainerBase.addChildInternal(ContainerBase.java:599)
		... 37 more
	Caused by: java.lang.IllegalArgumentException: The main resource set specified [C:\Users\mcost\OneDrive\Documentos\SGCMAQ3029425\apache-tomcat-10.1.44\apache-tomcat-10.1.44\webapps\SGCMS2A2025] is not a directory or war file, or is not readable (it does not exist or permissions to access it are missing)
		at org.apache.catalina.webresources.StandardRoot.createMainResourceSet(StandardRoot.java:758)
		at org.apache.catalina.webresources.StandardRoot.startInternal(StandardRoot.java:715)
		at org.apache.catalina.util.LifecycleBase.start(LifecycleBase.java:164)
		... 41 more
05-Nov-2025 22:52:56.273 INFO [main] org.apache.catalina.startup.HostConfig.deployDescriptor Deployment of deployment descriptor [C:\Users\mcost\OneDrive\Documentos\SGCMAQ3029425\apache-tomcat-10.1.44\apache-tomcat-10.1.44\conf\Catalina\localhost\SGCMS2A2025.xml] has finished in [101] ms
05-Nov-2025 22:52:56.276 INFO [main] org.apache.catalina.startup.HostConfig.deployDirectory Diretório de instalação da aplicação web [C:\Users\mcost\OneDrive\Documentos\SGCMAQ3029425\apache-tomcat-10.1.44\apache-tomcat-10.1.44\webapps\docs]
05-Nov-2025 22:52:57.135 INFO [main] org.apache.jasper.servlet.TldScanner.scanJars At least one JAR was scanned for TLDs yet contained no TLDs. Enable debug logging for this logger for a complete list of JARs that were scanned but no TLDs were found in them. Skipping unneeded JARs during scanning can improve startup time and JSP compilation time.
05-Nov-2025 22:52:57.265 INFO [main] org.apache.catalina.startup.HostConfig.deployDirectory Deployment of web application directory [C:\Users\mcost\OneDrive\Documentos\SGCMAQ3029425\apache-tomcat-10.1.44\apache-tomcat-10.1.44\webapps\docs] has finished in [988] ms
05-Nov-2025 22:52:57.265 INFO [main] org.apache.catalina.startup.HostConfig.deployDirectory Diretório de instalação da aplicação web [C:\Users\mcost\OneDrive\Documentos\SGCMAQ3029425\apache-tomcat-10.1.44\apache-tomcat-10.1.44\webapps\examples]
05-Nov-2025 22:52:58.429 INFO [main] org.apache.jasper.servlet.TldScanner.scanJars At least one JAR was scanned for TLDs yet contained no TLDs. Enable debug logging for this logger for a complete list of JARs that were scanned but no TLDs were found in them. Skipping unneeded JARs during scanning can improve startup time and JSP compilation time.
05-Nov-2025 22:52:58.549 INFO [main] org.apache.catalina.startup.HostConfig.deployDirectory Deployment of web application directory [C:\Users\mcost\OneDrive\Documentos\SGCMAQ3029425\apache-tomcat-10.1.44\apache-tomcat-10.1.44\webapps\examples] has finished in [1.283] ms
05-Nov-2025 22:52:58.549 INFO [main] org.apache.catalina.startup.HostConfig.deployDirectory Diretório de instalação da aplicação web [C:\Users\mcost\OneDrive\Documentos\SGCMAQ3029425\apache-tomcat-10.1.44\apache-tomcat-10.1.44\webapps\host-manager]
05-Nov-2025 22:52:59.122 INFO [main] org.apache.jasper.servlet.TldScanner.scanJars At least one JAR was scanned for TLDs yet contained no TLDs. Enable debug logging for this logger for a complete list of JARs that were scanned but no TLDs were found in them. Skipping unneeded JARs during scanning can improve startup time and JSP compilation time.
05-Nov-2025 22:52:59.134 INFO [main] org.apache.catalina.startup.HostConfig.deployDirectory Deployment of web application directory [C:\Users\mcost\OneDrive\Documentos\SGCMAQ3029425\apache-tomcat-10.1.44\apache-tomcat-10.1.44\webapps\host-manager] has finished in [585] ms
05-Nov-2025 22:52:59.134 INFO [main] org.apache.catalina.startup.HostConfig.deployDirectory Diretório de instalação da aplicação web [C:\Users\mcost\OneDrive\Documentos\SGCMAQ3029425\apache-tomcat-10.1.44\apache-tomcat-10.1.44\webapps\manager]
05-Nov-2025 22:52:59.756 INFO [main] org.apache.jasper.servlet.TldScanner.scanJars At least one JAR was scanned for TLDs yet contained no TLDs. Enable debug logging for this logger for a complete list of JARs that were scanned but no TLDs were found in them. Skipping unneeded JARs during scanning can improve startup time and JSP compilation time.
05-Nov-2025 22:52:59.765 INFO [main] org.apache.catalina.startup.HostConfig.deployDirectory Deployment of web application directory [C:\Users\mcost\OneDrive\Documentos\SGCMAQ3029425\apache-tomcat-10.1.44\apache-tomcat-10.1.44\webapps\manager] has finished in [631] ms
05-Nov-2025 22:52:59.765 INFO [main] org.apache.catalina.startup.HostConfig.deployDirectory Diretório de instalação da aplicação web [C:\Users\mcost\OneDrive\Documentos\SGCMAQ3029425\apache-tomcat-10.1.44\apache-tomcat-10.1.44\webapps\ROOT]
05-Nov-2025 22:53:00.293 INFO [main] org.apache.jasper.servlet.TldScanner.scanJars At least one JAR was scanned for TLDs yet contained no TLDs. Enable debug logging for this logger for a complete list of JARs that were scanned but no TLDs were found in them. Skipping unneeded JARs during scanning can improve startup time and JSP compilation time.
05-Nov-2025 22:53:00.300 INFO [main] org.apache.catalina.startup.HostConfig.deployDirectory Deployment of web application directory [C:\Users\mcost\OneDrive\Documentos\SGCMAQ3029425\apache-tomcat-10.1.44\apache-tomcat-10.1.44\webapps\ROOT] has finished in [534] ms
05-Nov-2025 22:53:00.304 INFO [main] org.apache.coyote.AbstractProtocol.start Starting ProtocolHandler ["http-nio-8080"]
05-Nov-2025 22:53:00.380 INFO [main] org.apache.catalina.startup.Catalina.start Server startup in [4344] milliseconds
05-Nov-2025 22:53:07.061 INFO [http-nio-8080-exec-5] org.apache.catalina.startup.HostConfig.deployDescriptor Deploying deployment descriptor [C:\Users\mcost\OneDrive\Documentos\SGCMAQ3029425\apache-tomcat-10.1.44\apache-tomcat-10.1.44\conf\Catalina\localhost\SGCMAQ3029425.xml]
05-Nov-2025 22:53:07.061 WARNING [http-nio-8080-exec-5] org.apache.catalina.startup.HostConfig.deployDescriptor The path attribute with value [/SGCMAQ3029425] in deployment descriptor [C:\Users\mcost\OneDrive\Documentos\SGCMAQ3029425\apache-tomcat-10.1.44\apache-tomcat-10.1.44\conf\Catalina\localhost\SGCMAQ3029425.xml] has been ignored
05-Nov-2025 22:53:07.399 INFO [http-nio-8080-exec-5] org.apache.jasper.servlet.TldScanner.scanJars At least one JAR was scanned for TLDs yet contained no TLDs. Enable debug logging for this logger for a complete list of JARs that were scanned but no TLDs were found in them. Skipping unneeded JARs during scanning can improve startup time and JSP compilation time.
05-Nov-2025 22:53:07.401 SEVERE [http-nio-8080-exec-5] org.apache.catalina.core.StandardContext.startInternal One or more listeners failed to start. Full details will be found in the appropriate container log file
05-Nov-2025 22:53:07.401 SEVERE [http-nio-8080-exec-5] org.apache.catalina.core.StandardContext.startInternal Context [/SGCMAQ3029425] startup failed due to previous errors
05-Nov-2025 22:53:07.419 INFO [http-nio-8080-exec-5] org.apache.catalina.startup.HostConfig.deployDescriptor Deployment of deployment descriptor [C:\Users\mcost\OneDrive\Documentos\SGCMAQ3029425\apache-tomcat-10.1.44\apache-tomcat-10.1.44\conf\Catalina\localhost\SGCMAQ3029425.xml] has finished in [357] ms
05-Nov-2025 22:53:42.303 INFO [http-nio-8080-exec-4] org.apache.catalina.util.LifecycleBase.stop The stop() method was called on component [StandardEngine[Catalina].StandardHost[localhost].StandardContext[/SGCMAQ3029425]] after stop() had already been called. The second call will be ignored.
05-Nov-2025 22:53:42.815 INFO [http-nio-8080-exec-4] org.apache.catalina.startup.HostConfig.undeploy Undeploying context [/SGCMAQ3029425]
05-Nov-2025 22:53:42.852 INFO [http-nio-8080-exec-11] org.apache.catalina.startup.HostConfig.deployDescriptor Deploying deployment descriptor [C:\Users\mcost\OneDrive\Documentos\SGCMAQ3029425\apache-tomcat-10.1.44\apache-tomcat-10.1.44\conf\Catalina\localhost\SGCMAQ3029425.xml]
05-Nov-2025 22:53:42.853 WARNING [http-nio-8080-exec-11] org.apache.catalina.startup.HostConfig.deployDescriptor The path attribute with value [/SGCMAQ3029425] in deployment descriptor [C:\Users\mcost\OneDrive\Documentos\SGCMAQ3029425\apache-tomcat-10.1.44\apache-tomcat-10.1.44\conf\Catalina\localhost\SGCMAQ3029425.xml] has been ignored
05-Nov-2025 22:53:43.188 INFO [http-nio-8080-exec-11] org.apache.jasper.servlet.TldScanner.scanJars At least one JAR was scanned for TLDs yet contained no TLDs. Enable debug logging for this logger for a complete list of JARs that were scanned but no TLDs were found in them. Skipping unneeded JARs during scanning can improve startup time and JSP compilation time.
05-Nov-2025 22:53:43.188 SEVERE [http-nio-8080-exec-11] org.apache.catalina.core.StandardContext.startInternal One or more listeners failed to start. Full details will be found in the appropriate container log file
05-Nov-2025 22:53:43.191 SEVERE [http-nio-8080-exec-11] org.apache.catalina.core.StandardContext.startInternal Context [/SGCMAQ3029425] startup failed due to previous errors
05-Nov-2025 22:53:43.191 INFO [http-nio-8080-exec-11] org.apache.catalina.startup.HostConfig.deployDescriptor Deployment of deployment descriptor [C:\Users\mcost\OneDrive\Documentos\SGCMAQ3029425\apache-tomcat-10.1.44\apache-tomcat-10.1.44\conf\Catalina\localhost\SGCMAQ3029425.xml] has finished in [339] ms
05-Nov-2025 22:54:07.437 INFO [http-nio-8080-exec-9] org.apache.catalina.util.LifecycleBase.stop The stop() method was called on component [StandardEngine[Catalina].StandardHost[localhost].StandardContext[/SGCMAQ3029425]] after stop() had already been called. The second call will be ignored.
05-Nov-2025 22:54:07.941 INFO [http-nio-8080-exec-9] org.apache.catalina.startup.HostConfig.undeploy Undeploying context [/SGCMAQ3029425]
05-Nov-2025 22:54:07.962 INFO [http-nio-8080-exec-13] org.apache.catalina.startup.HostConfig.deployDescriptor Deploying deployment descriptor [C:\Users\mcost\OneDrive\Documentos\SGCMAQ3029425\apache-tomcat-10.1.44\apache-tomcat-10.1.44\conf\Catalina\localhost\SGCMAQ3029425.xml]
05-Nov-2025 22:54:07.966 WARNING [http-nio-8080-exec-13] org.apache.catalina.startup.HostConfig.deployDescriptor The path attribute with value [/SGCMAQ3029425] in deployment descriptor [C:\Users\mcost\OneDrive\Documentos\SGCMAQ3029425\apache-tomcat-10.1.44\apache-tomcat-10.1.44\conf\Catalina\localhost\SGCMAQ3029425.xml] has been ignored
05-Nov-2025 22:54:08.222 INFO [http-nio-8080-exec-13] org.apache.jasper.servlet.TldScanner.scanJars At least one JAR was scanned for TLDs yet contained no TLDs. Enable debug logging for this logger for a complete list of JARs that were scanned but no TLDs were found in them. Skipping unneeded JARs during scanning can improve startup time and JSP compilation time.
05-Nov-2025 22:54:08.222 SEVERE [http-nio-8080-exec-13] org.apache.catalina.core.StandardContext.startInternal One or more listeners failed to start. Full details will be found in the appropriate container log file
05-Nov-2025 22:54:08.222 SEVERE [http-nio-8080-exec-13] org.apache.catalina.core.StandardContext.startInternal Context [/SGCMAQ3029425] startup failed due to previous errors
05-Nov-2025 22:54:08.232 INFO [http-nio-8080-exec-13] org.apache.catalina.startup.HostConfig.deployDescriptor Deployment of deployment descriptor [C:\Users\mcost\OneDrive\Documentos\SGCMAQ3029425\apache-tomcat-10.1.44\apache-tomcat-10.1.44\conf\Catalina\localhost\SGCMAQ3029425.xml] has finished in [270] ms
05-Nov-2025 22:55:38.201 INFO [http-nio-8080-exec-14] org.apache.catalina.util.LifecycleBase.stop The stop() method was called on component [StandardEngine[Catalina].StandardHost[localhost].StandardContext[/SGCMAQ3029425]] after stop() had already been called. The second call will be ignored.
05-Nov-2025 22:55:38.707 INFO [http-nio-8080-exec-14] org.apache.catalina.startup.HostConfig.undeploy Undeploying context [/SGCMAQ3029425]
05-Nov-2025 22:55:38.728 INFO [http-nio-8080-exec-3] org.apache.catalina.startup.HostConfig.deployDescriptor Deploying deployment descriptor [C:\Users\mcost\OneDrive\Documentos\SGCMAQ3029425\apache-tomcat-10.1.44\apache-tomcat-10.1.44\conf\Catalina\localhost\SGCMAQ3029425.xml]
05-Nov-2025 22:55:38.732 WARNING [http-nio-8080-exec-3] org.apache.catalina.startup.HostConfig.deployDescriptor The path attribute with value [/SGCMAQ3029425] in deployment descriptor [C:\Users\mcost\OneDrive\Documentos\SGCMAQ3029425\apache-tomcat-10.1.44\apache-tomcat-10.1.44\conf\Catalina\localhost\SGCMAQ3029425.xml] has been ignored
05-Nov-2025 22:55:39.111 INFO [http-nio-8080-exec-3] org.apache.jasper.servlet.TldScanner.scanJars At least one JAR was scanned for TLDs yet contained no TLDs. Enable debug logging for this logger for a complete list of JARs that were scanned but no TLDs were found in them. Skipping unneeded JARs during scanning can improve startup time and JSP compilation time.
05-Nov-2025 22:55:39.114 SEVERE [http-nio-8080-exec-3] org.apache.catalina.core.StandardContext.startInternal One or more listeners failed to start. Full details will be found in the appropriate container log file
05-Nov-2025 22:55:39.115 SEVERE [http-nio-8080-exec-3] org.apache.catalina.core.StandardContext.startInternal Context [/SGCMAQ3029425] startup failed due to previous errors
05-Nov-2025 22:55:39.123 INFO [http-nio-8080-exec-3] org.apache.catalina.startup.HostConfig.deployDescriptor Deployment of deployment descriptor [C:\Users\mcost\OneDrive\Documentos\SGCMAQ3029425\apache-tomcat-10.1.44\apache-tomcat-10.1.44\conf\Catalina\localhost\SGCMAQ3029425.xml] has finished in [394] ms
05-Nov-2025 23:05:36.302 INFO [main] org.apache.catalina.core.StandardServer.await A valid shutdown command was received via the shutdown port. Stopping the Server instance.
05-Nov-2025 23:05:36.305 INFO [main] org.apache.coyote.AbstractProtocol.pause Pausing ProtocolHandler ["http-nio-8080"]
05-Nov-2025 23:05:36.384 INFO [main] org.apache.catalina.core.StandardService.stopInternal Stopping service [Catalina]
05-Nov-2025 23:05:36.426 INFO [main] org.apache.coyote.AbstractProtocol.stop Stopping ProtocolHandler ["http-nio-8080"]
05-Nov-2025 23:05:36.445 INFO [main] org.apache.coyote.AbstractProtocol.destroy Destroying ProtocolHandler ["http-nio-8080"]
